# JRE version: OpenJDK Runtime Environment (8.0_152-b01) (build 1.8.0_152-release-1024-b01)
# Java VM: OpenJDK 64-Bit Server VM (25.152-b01 mixed mode linux-amd64 compressed oops)
Heap:
 PSYoungGen      total 149504K, used 29158K [0x00000000e0000000, 0x00000000eb200000, 0x0000000100000000)
  eden space 120320K, 0% used [0x00000000e0000000,0x00000000e0000000,0x00000000e7580000)
  from space 29184K, 99% used [0x00000000e7580000,0x00000000e91f9b90,0x00000000e9200000)
  to   space 23040K, 0% used [0x00000000e9200000,0x00000000e9200000,0x00000000ea880000)
 ParOldGen       total 99840K, used 53734K [0x00000000a0000000, 0x00000000a6180000, 0x00000000e0000000)
  object space 99840K, 53% used [0x00000000a0000000,0x00000000a3479a40,0x00000000a6180000)
 Metaspace       used 48560K, capacity 49322K, committed 49664K, reserved 1093632K
  class space    used 5919K, capacity 6104K, committed 6144K, reserved 1048576K
GC Heap History (10 events):
Event: 3.060 GC heap after
Heap after GC invocations=7 (full 2):
 PSYoungGen      total 67584K, used 5091K [0x00000000e0000000, 0x00000000e6e80000, 0x0000000100000000)
  eden space 62464K, 0% used [0x00000000e0000000,0x00000000e0000000,0x00000000e3d00000)
  from space 5120K, 99% used [0x00000000e3d00000,0x00000000e41f8e58,0x00000000e4200000)
  to   space 5120K, 0% used [0x00000000e6980000,0x00000000e6980000,0x00000000e6e80000)
 ParOldGen       total 52224K, used 14873K [0x00000000a0000000, 0x00000000a3300000, 0x00000000e0000000)
  object space 52224K, 28% used [0x00000000a0000000,0x00000000a0e866b0,0x00000000a3300000)
 Metaspace       used 29219K, capacity 29783K, committed 30208K, reserved 1075200K
  class space    used 3852K, capacity 4016K, committed 4096K, reserved 1048576K
}
Event: 3.750 GC heap before
{Heap before GC invocations=8 (full 2):
 PSYoungGen      total 67584K, used 55680K [0x00000000e0000000, 0x00000000e6e80000, 0x0000000100000000)
  eden space 62464K, 80% used [0x00000000e0000000,0x00000000e3167328,0x00000000e3d00000)
  from space 5120K, 99% used [0x00000000e3d00000,0x00000000e41f8e58,0x00000000e4200000)
  to   space 5120K, 0% used [0x00000000e6980000,0x00000000e6980000,0x00000000e6e80000)
 ParOldGen       total 52224K, used 14873K [0x00000000a0000000, 0x00000000a3300000, 0x00000000e0000000)
  object space 52224K, 28% used [0x00000000a0000000,0x00000000a0e866b0,0x00000000a3300000)
 Metaspace       used 34744K, capacity 35214K, committed 35496K, reserved 1081344K
  class space    used 4444K, capacity 4600K, committed 4608K, reserved 1048576K
Event: 3.777 GC heap after
Heap after GC invocations=8 (full 2):
 PSYoungGen      total 93184K, used 5111K [0x00000000e0000000, 0x00000000e8b00000, 0x0000000100000000)
  eden space 88064K, 0% used [0x00000000e0000000,0x00000000e0000000,0x00000000e5600000)
  from space 5120K, 99% used [0x00000000e6980000,0x00000000e6e7df30,0x00000000e6e80000)
  to   space 19968K, 0% used [0x00000000e5600000,0x00000000e5600000,0x00000000e6980000)
 ParOldGen       total 52224K, used 26987K [0x00000000a0000000, 0x00000000a3300000, 0x00000000e0000000)
  object space 52224K, 51% used [0x00000000a0000000,0x00000000a1a5adb8,0x00000000a3300000)
 Metaspace       used 34744K, capacity 35214K, committed 35496K, reserved 1081344K
  class space    used 4444K, capacity 4600K, committed 4608K, reserved 1048576K
}
Event: 3.777 GC heap before
{Heap before GC invocations=9 (full 3):
 PSYoungGen      total 93184K, used 5111K [0x00000000e0000000, 0x00000000e8b00000, 0x0000000100000000)
  eden space 88064K, 0% used [0x00000000e0000000,0x00000000e0000000,0x00000000e5600000)
  from space 5120K, 99% used [0x00000000e6980000,0x00000000e6e7df30,0x00000000e6e80000)
  to   space 19968K, 0% used [0x00000000e5600000,0x00000000e5600000,0x00000000e6980000)
 ParOldGen       total 52224K, used 26987K [0x00000000a0000000, 0x00000000a3300000, 0x00000000e0000000)
  object space 52224K, 51% used [0x00000000a0000000,0x00000000a1a5adb8,0x00000000a3300000)
 Metaspace       used 34744K, capacity 35214K, committed 35496K, reserved 1081344K
  class space    used 4444K, capacity 4600K, committed 4608K, reserved 1048576K
Event: 3.897 GC heap after
Heap after GC invocations=9 (full 3):
 PSYoungGen      total 93184K, used 0K [0x00000000e0000000, 0x00000000e8b00000, 0x0000000100000000)
  eden space 88064K, 0% used [0x00000000e0000000,0x00000000e0000000,0x00000000e5600000)
  from space 5120K, 0% used [0x00000000e6980000,0x00000000e6980000,0x00000000e6e80000)
  to   space 19968K, 0% used [0x00000000e5600000,0x00000000e5600000,0x00000000e6980000)
 ParOldGen       total 99840K, used 24105K [0x00000000a0000000, 0x00000000a6180000, 0x00000000e0000000)
  object space 99840K, 24% used [0x00000000a0000000,0x00000000a178a698,0x00000000a6180000)
 Metaspace       used 34744K, capacity 35214K, committed 35496K, reserved 1081344K
  class space    used 4444K, capacity 4600K, committed 4608K, reserved 1048576K
}
Event: 5.333 GC heap before
{Heap before GC invocations=10 (full 3):
 PSYoungGen      total 93184K, used 88064K [0x00000000e0000000, 0x00000000e8b00000, 0x0000000100000000)
  eden space 88064K, 100% used [0x00000000e0000000,0x00000000e5600000,0x00000000e5600000)
  from space 5120K, 0% used [0x00000000e6980000,0x00000000e6980000,0x00000000e6e80000)
  to   space 19968K, 0% used [0x00000000e5600000,0x00000000e5600000,0x00000000e6980000)
 ParOldGen       total 99840K, used 24105K [0x00000000a0000000, 0x00000000a6180000, 0x00000000e0000000)
  object space 99840K, 24% used [0x00000000a0000000,0x00000000a178a698,0x00000000a6180000)
 Metaspace       used 41603K, capacity 42268K, committed 42752K, reserved 1087488K
  class space    used 5201K, capacity 5371K, committed 5376K, reserved 1048576K
Event: 5.348 GC heap after
Heap after GC invocations=10 (full 3):
 PSYoungGen      total 108032K, used 18311K [0x00000000e0000000, 0x00000000ea880000, 0x0000000100000000)
  eden space 88064K, 0% used [0x00000000e0000000,0x00000000e0000000,0x00000000e5600000)
  from space 19968K, 91% used [0x00000000e5600000,0x00000000e67e1f98,0x00000000e6980000)
  to   space 23040K, 0% used [0x00000000e9200000,0x00000000e9200000,0x00000000ea880000)
 ParOldGen       total 99840K, used 24113K [0x00000000a0000000, 0x00000000a6180000, 0x00000000e0000000)
  object space 99840K, 24% used [0x00000000a0000000,0x00000000a178c698,0x00000000a6180000)
 Metaspace       used 41603K, capacity 42268K, committed 42752K, reserved 1087488K
  class space    used 5201K, capacity 5371K, committed 5376K, reserved 1048576K
}
Event: 6.966 GC heap before
{Heap before GC invocations=11 (full 3):
 PSYoungGen      total 108032K, used 106375K [0x00000000e0000000, 0x00000000ea880000, 0x0000000100000000)
  eden space 88064K, 100% used [0x00000000e0000000,0x00000000e5600000,0x00000000e5600000)
  from space 19968K, 91% used [0x00000000e5600000,0x00000000e67e1f98,0x00000000e6980000)
  to   space 23040K, 0% used [0x00000000e9200000,0x00000000e9200000,0x00000000ea880000)
 ParOldGen       total 99840K, used 24113K [0x00000000a0000000, 0x00000000a6180000, 0x00000000e0000000)
  object space 99840K, 24% used [0x00000000a0000000,0x00000000a178c698,0x00000000a6180000)
 Metaspace       used 47037K, capacity 47766K, committed 48128K, reserved 1091584K
  class space    used 5867K, capacity 6068K, committed 6144K, reserved 1048576K
Event: 7.000 GC heap after
Heap after GC invocations=11 (full 3):
 PSYoungGen      total 143360K, used 23012K [0x00000000e0000000, 0x00000000eb200000, 0x0000000100000000)
  eden space 120320K, 0% used [0x00000000e0000000,0x00000000e0000000,0x00000000e7580000)
  from space 23040K, 99% used [0x00000000e9200000,0x00000000ea879318,0x00000000ea880000)
  to   space 29184K, 0% used [0x00000000e7580000,0x00000000e7580000,0x00000000e9200000)
 ParOldGen       total 99840K, used 29717K [0x00000000a0000000, 0x00000000a6180000, 0x00000000e0000000)
  object space 99840K, 29% used [0x00000000a0000000,0x00000000a1d057f8,0x00000000a6180000)
 Metaspace       used 47037K, capacity 47766K, committed 48128K, reserved 1091584K
  class space    used 5867K, capacity 6068K, committed 6144K, reserved 1048576K
}
Event: 8.410 GC heap before
{Heap before GC invocations=12 (full 3):
 PSYoungGen      total 143360K, used 143332K [0x00000000e0000000, 0x00000000eb200000, 0x0000000100000000)
  eden space 120320K, 100% used [0x00000000e0000000,0x00000000e7580000,0x00000000e7580000)
  from space 23040K, 99% used [0x00000000e9200000,0x00000000ea879318,0x00000000ea880000)
  to   space 29184K, 0% used [0x00000000e7580000,0x00000000e7580000,0x00000000e9200000)
 ParOldGen       total 99840K, used 29717K [0x00000000a0000000, 0x00000000a6180000, 0x00000000e0000000)
  object space 99840K, 29% used [0x00000000a0000000,0x00000000a1d057f8,0x00000000a6180000)
 Metaspace       used 48560K, capacity 49322K, committed 49664K, reserved 1093632K
  class space    used 5919K, capacity 6104K, committed 6144K, reserved 1048576K

